[debug] [2025-06-03T20:10:27.075Z] ----------------------------------------------------------------------
[debug] [2025-06-03T20:10:27.085Z] Command:       C:\Program Files\nodejs\node.exe C:\Users\EmatiMot\AppData\Roaming\npm\node_modules\firebase-tools\lib\bin\firebase.js emulators:start
[debug] [2025-06-03T20:10:27.086Z] CLI Version:   14.5.1
[debug] [2025-06-03T20:10:27.087Z] Platform:      win32
[debug] [2025-06-03T20:10:27.088Z] Node Version:  v22.11.0
[debug] [2025-06-03T20:10:27.089Z] Time:          Tue Jun 03 2025 13:10:27 GMT-0700 (Pacific Daylight Time)
[debug] [2025-06-03T20:10:27.089Z] ----------------------------------------------------------------------
[debug] 
[debug] [2025-06-03T20:10:28.191Z] > command requires scopes: ["email","openid","https://www.googleapis.com/auth/cloudplatformprojects.readonly","https://www.googleapis.com/auth/firebase","https://www.googleapis.com/auth/cloud-platform"]
[debug] [2025-06-03T20:10:28.194Z] > authorizing via signed-in user (sifenmesfin10@gmail.com)
[info] i  emulators: Starting emulators: functions, extensions {"metadata":{"emulator":{"name":"hub"},"message":"Starting emulators: functions, extensions"}}
[debug] [2025-06-03T20:10:28.224Z] Checked if tokens are valid: true, expires at: 1748984154307
[debug] [2025-06-03T20:10:28.225Z] Checked if tokens are valid: true, expires at: 1748984154307
[debug] [2025-06-03T20:10:28.232Z] >>> [apiv2][query] GET https://serviceusage.googleapis.com/v1/projects/clone-c9d9f/services/cloudresourcemanager.googleapis.com [none]
[debug] [2025-06-03T20:10:28.232Z] >>> [apiv2][(partial)header] GET https://serviceusage.googleapis.com/v1/projects/clone-c9d9f/services/cloudresourcemanager.googleapis.com x-goog-quota-user=projects/clone-c9d9f
[debug] [2025-06-03T20:10:29.713Z] <<< [apiv2][status] GET https://serviceusage.googleapis.com/v1/projects/clone-c9d9f/services/cloudresourcemanager.googleapis.com 200
[debug] [2025-06-03T20:10:29.714Z] <<< [apiv2][body] GET https://serviceusage.googleapis.com/v1/projects/clone-c9d9f/services/cloudresourcemanager.googleapis.com [omitted]
[debug] [2025-06-03T20:10:29.714Z] Checked if tokens are valid: true, expires at: 1748984154307
[debug] [2025-06-03T20:10:29.715Z] Checked if tokens are valid: true, expires at: 1748984154307
[debug] [2025-06-03T20:10:29.716Z] >>> [apiv2][query] GET https://cloudresourcemanager.googleapis.com/v1/projects/clone-c9d9f [none]
[debug] [2025-06-03T20:10:30.607Z] <<< [apiv2][status] GET https://cloudresourcemanager.googleapis.com/v1/projects/clone-c9d9f 200
[debug] [2025-06-03T20:10:30.608Z] <<< [apiv2][body] GET https://cloudresourcemanager.googleapis.com/v1/projects/clone-c9d9f {"projectNumber":"464307094770","projectId":"clone-c9d9f","lifecycleState":"ACTIVE","name":"Amazon-Clone","labels":{"firebase":"enabled","firebase-core":"disabled"},"createTime":"2025-05-29T20:13:28.610162Z"}
[debug] [2025-06-03T20:10:30.650Z] [logging] Logging Emulator only supports listening on one address (127.0.0.1). Not listening on ::1
[debug] [2025-06-03T20:10:30.651Z] assigned listening specs for emulators {"user":{"hub":[{"address":"127.0.0.1","family":"IPv4","port":4400},{"address":"::1","family":"IPv6","port":4400}],"ui":[{"address":"127.0.0.1","family":"IPv4","port":4000},{"address":"::1","family":"IPv6","port":4000}],"logging":[{"address":"127.0.0.1","family":"IPv4","port":4500}]},"metadata":{"message":"assigned listening specs for emulators"}}
[debug] [2025-06-03T20:10:30.674Z] [hub] writing locator at C:\Users\EmatiMot\AppData\Local\Temp\hub-clone-c9d9f.json
[debug] [2025-06-03T20:10:30.706Z] [Extensions] Started Extensions emulator, this is a noop.
[debug] [2025-06-03T20:10:30.730Z] [functions] Functions Emulator only supports listening on one address (127.0.0.1). Not listening on ::1
[debug] [2025-06-03T20:10:30.730Z] [eventarc] Eventarc Emulator only supports listening on one address (127.0.0.1). Not listening on ::1
[debug] [2025-06-03T20:10:30.730Z] [tasks] Cloud Tasks Emulator only supports listening on one address (127.0.0.1). Not listening on ::1
[debug] [2025-06-03T20:10:30.730Z] late-assigned ports for functions and eventarc emulators {"user":{"hub":[{"address":"127.0.0.1","family":"IPv4","port":4400},{"address":"::1","family":"IPv6","port":4400}],"ui":[{"address":"127.0.0.1","family":"IPv4","port":4000},{"address":"::1","family":"IPv6","port":4000}],"logging":[{"address":"127.0.0.1","family":"IPv4","port":4500}],"functions":[{"address":"127.0.0.1","family":"IPv4","port":5001}],"eventarc":[{"address":"127.0.0.1","family":"IPv4","port":9299}],"tasks":[{"address":"127.0.0.1","family":"IPv4","port":9499}]},"metadata":{"message":"late-assigned ports for functions and eventarc emulators"}}
[warn] !  functions: The following emulators are not running, calls to these services from the Functions emulator will affect production: apphosting, auth, firestore, database, hosting, pubsub, storage, dataconnect {"metadata":{"emulator":{"name":"functions"},"message":"The following emulators are not running, calls to these services from the Functions emulator will affect production: \u001b[1mapphosting, auth, firestore, database, hosting, pubsub, storage, dataconnect\u001b[22m"}}
[debug] [2025-06-03T20:10:30.838Z] defaultcredentials: writing to file C:\Users\EmatiMot\AppData\Roaming\firebase\sifenmesfin10_gmail_com_application_default_credentials.json
[debug] [2025-06-03T20:10:30.856Z] Setting GAC to C:\Users\EmatiMot\AppData\Roaming\firebase\sifenmesfin10_gmail_com_application_default_credentials.json {"metadata":{"emulator":{"name":"functions"},"message":"Setting GAC to C:\\Users\\EmatiMot\\AppData\\Roaming\\firebase\\sifenmesfin10_gmail_com_application_default_credentials.json"}}
[debug] [2025-06-03T20:10:30.857Z] Checked if tokens are valid: true, expires at: 1748984154307
[debug] [2025-06-03T20:10:30.857Z] Checked if tokens are valid: true, expires at: 1748984154307
[debug] [2025-06-03T20:10:30.858Z] >>> [apiv2][query] GET https://firebase.googleapis.com/v1beta1/projects/clone-c9d9f/adminSdkConfig [none]
[debug] [2025-06-03T20:10:31.514Z] <<< [apiv2][status] GET https://firebase.googleapis.com/v1beta1/projects/clone-c9d9f/adminSdkConfig 200
[debug] [2025-06-03T20:10:31.514Z] <<< [apiv2][body] GET https://firebase.googleapis.com/v1beta1/projects/clone-c9d9f/adminSdkConfig {"projectId":"clone-c9d9f","storageBucket":"clone-c9d9f.firebasestorage.app"}
[debug] [2025-06-03T20:10:31.564Z] [Extensions] Connecting Extensions emulator, this is a noop.
[info] i  functions: Watching "C:\Users\EmatiMot\Desktop\Evangadi\phase4\Amazon-Clone-2025\Front-end\functions" for Cloud Functions... {"metadata":{"emulator":{"name":"functions"},"message":"Watching \"C:\\Users\\EmatiMot\\Desktop\\Evangadi\\phase4\\Amazon-Clone-2025\\Front-end\\functions\" for Cloud Functions..."}}
[debug] [2025-06-03T20:10:31.590Z] Validating nodejs source
[debug] [2025-06-03T20:10:34.803Z] > [functions] package.json contents: {
  "name": "functions",
  "description": "Cloud Functions for Firebase",
  "scripts": {
    "lint": "eslint .",
    "serve": "firebase emulators:start --only functions",
    "shell": "firebase functions:shell",
    "start": "npm run shell",
    "deploy": "firebase deploy --only functions",
    "logs": "firebase functions:log"
  },
  "engines": {
    "node": "22"
  },
  "main": "index.js",
  "dependencies": {
    "cors": "^2.8.5",
    "dotenv": "^16.5.0",
    "express": "^5.1.0",
    "firebase-admin": "^12.6.0",
    "firebase-functions": "^6.0.1",
    "stripe": "^18.2.0"
  },
  "devDependencies": {
    "eslint": "^8.15.0",
    "eslint-config-google": "^0.14.0",
    "firebase-functions-test": "^3.1.0"
  },
  "private": true
}
[debug] [2025-06-03T20:10:34.803Z] Building nodejs source
[debug] [2025-06-03T20:10:34.804Z] Failed to find version of module node: reached end of search path C:\Users\EmatiMot\Desktop\Evangadi\phase4\Amazon-Clone-2025\Front-end\functions\node_modules
[info] +  functions: Using node@22 from host. 
[info] i  functions: Loaded environment variables from .env. 
[debug] [2025-06-03T20:10:34.812Z] Could not find functions.yaml. Must use http discovery
[debug] [2025-06-03T20:10:34.838Z] Found firebase-functions binary at 'C:\Users\EmatiMot\Desktop\Evangadi\phase4\Amazon-Clone-2025\Front-end\functions\node_modules\.bin\firebase-functions'
[info] Serving at port 8446

[debug] [2025-06-03T20:10:36.300Z] Got response from /__/functions.yaml {"endpoints":{"api":{"availableMemoryMb":null,"timeoutSeconds":null,"minInstances":null,"maxInstances":null,"ingressSettings":null,"concurrency":null,"serviceAccountEmail":null,"vpc":null,"platform":"gcfv2","labels":{},"httpsTrigger":{},"entryPoint":"api"}},"specVersion":"v1alpha1","requiredAPIs":[],"extensions":{}}
[debug] [2025-06-03T20:10:40.390Z] defaultcredentials: writing to file C:\Users\EmatiMot\AppData\Roaming\firebase\sifenmesfin10_gmail_com_application_default_credentials.json
[debug] [2025-06-03T20:10:40.392Z] Setting GAC to C:\Users\EmatiMot\AppData\Roaming\firebase\sifenmesfin10_gmail_com_application_default_credentials.json {"metadata":{"emulator":{"name":"functions"},"message":"Setting GAC to C:\\Users\\EmatiMot\\AppData\\Roaming\\firebase\\sifenmesfin10_gmail_com_application_default_credentials.json"}}
[info] +  functions: Loaded functions definitions from source: api. {"metadata":{"emulator":{"name":"functions"},"message":"Loaded functions definitions from source: api."}}
[info] +  functions[us-central1-api]: http function initialized (http://127.0.0.1:5001/clone-c9d9f/us-central1/api). {"metadata":{"emulator":{"name":"functions"},"message":"\u001b[1mhttp\u001b[22m function initialized (http://127.0.0.1:5001/clone-c9d9f/us-central1/api)."}}
[debug] [2025-06-03T20:10:40.424Z] Could not find VSCode notification endpoint: FetchError: request to http://localhost:40001/vscode/notify failed, reason: . If you are not running the Firebase Data Connect VSCode extension, this is expected and not an issue.
[info] 
┌─────────────────────────────────────────────────────────────┐
│ ✔  All emulators ready! It is now safe to connect your app. │
│ i  View Emulator UI at http://127.0.0.1:4000/               │
└─────────────────────────────────────────────────────────────┘

┌────────────┬────────────────┬──────────────────────────────────┐
│ Emulator   │ Host:Port      │ View in Emulator UI              │
├────────────┼────────────────┼──────────────────────────────────┤
│ Functions  │ 127.0.0.1:5001 │ http://127.0.0.1:4000/functions  │
├────────────┼────────────────┼──────────────────────────────────┤
│ Extensions │ 127.0.0.1:5001 │ http://127.0.0.1:4000/extensions │
└────────────┴────────────────┴──────────────────────────────────┘
  Emulator Hub host: 127.0.0.1 port: 4400
  Other reserved ports: 4500
┌─────────────────────────┬───────────────┬─────────────────────┐
│ Extension Instance Name │ Extension Ref │ View in Emulator UI │
└─────────────────────────┴───────────────┴─────────────────────┘
Issues? Report them at https://github.com/firebase/firebase-tools/issues and attach the *-debug.log files.
 
[debug] [2025-06-03T20:12:21.719Z] [work-queue] {"queuedWork":["/clone-c9d9f/us-central1/api/payment/create-2025-06-03T20:12:21.719Z"],"queueLength":1,"runningWork":[],"workRunningCount":0}
[debug] [2025-06-03T20:12:21.720Z] [work-queue] {"queuedWork":[],"queueLength":0,"runningWork":["/clone-c9d9f/us-central1/api/payment/create-2025-06-03T20:12:21.719Z"],"workRunningCount":1}
[debug] [2025-06-03T20:12:21.721Z] Accepted request POST /clone-c9d9f/us-central1/api/payment/create?total=400 --> us-central1-api
[debug] [2025-06-03T20:12:21.727Z] [functions] Runtime ready! Sending request! {"metadata":{"emulator":{"name":"functions"},"message":"[functions] Runtime ready! Sending request!"}}
[debug] [2025-06-03T20:12:21.728Z] [functions] Got req.url=/clone-c9d9f/us-central1/api/payment/create?total=400, mapping to path=/payment/create?total=400 {"metadata":{"emulator":{"name":"functions"},"message":"[functions] Got req.url=/clone-c9d9f/us-central1/api/payment/create?total=400, mapping to path=/payment/create?total=400"}}
[info] i  functions: Loaded environment variables from .env. 
[debug] [2025-06-03T20:12:21.751Z] [worker-pool] addWorker(us-central1-api) {"metadata":{"emulator":{"name":"functions"},"message":"[worker-pool] addWorker(us-central1-api)"}}
[debug] [2025-06-03T20:12:21.753Z] [worker-pool] Adding worker with key us-central1-api, total=1 {"metadata":{"emulator":{"name":"functions"},"message":"[worker-pool] Adding worker with key us-central1-api, total=1"}}
[info] >  (node:7384) [DEP0040] DeprecationWarning: The `punycode` module is deprecated. Please use a userland alternative instead. {"user":"(node:7384) [DEP0040] DeprecationWarning: The `punycode` module is deprecated. Please use a userland alternative instead.","metadata":{"emulator":{"name":"functions"},"function":{"name":"us-central1-api"},"extension":{},"message":"\u001b[90m> \u001b[39m (node:7384) [DEP0040] DeprecationWarning: The `punycode` module is deprecated. Please use a userland alternative instead."}}
[info] >  (Use `node --trace-deprecation ...` to show where the warning was created) {"user":"(Use `node --trace-deprecation ...` to show where the warning was created)","metadata":{"emulator":{"name":"functions"},"function":{"name":"us-central1-api"},"extension":{},"message":"\u001b[90m> \u001b[39m (Use `node --trace-deprecation ...` to show where the warning was created)"}}
[debug] [2025-06-03T20:12:24.683Z] [runtime-status] [7384] Resolved module firebase-admin {"declared":true,"installed":true,"version":"12.7.0","resolution":"C:\\Users\\EmatiMot\\Desktop\\Evangadi\\phase4\\Amazon-Clone-2025\\Front-end\\functions\\node_modules\\firebase-admin\\lib\\index.js"} {"metadata":{"emulator":{"name":"functions"},"function":{"name":"us-central1-api"},"extension":{},"message":"[runtime-status] [7384] Resolved module firebase-admin {\"declared\":true,\"installed\":true,\"version\":\"12.7.0\",\"resolution\":\"C:\\\\Users\\\\EmatiMot\\\\Desktop\\\\Evangadi\\\\phase4\\\\Amazon-Clone-2025\\\\Front-end\\\\functions\\\\node_modules\\\\firebase-admin\\\\lib\\\\index.js\"}"}}
[debug] [2025-06-03T20:12:24.686Z] [runtime-status] [7384] Resolved module firebase-functions {"declared":true,"installed":true,"version":"6.3.2","resolution":"C:\\Users\\EmatiMot\\Desktop\\Evangadi\\phase4\\Amazon-Clone-2025\\Front-end\\functions\\node_modules\\firebase-functions\\lib\\v2\\index.js"} {"metadata":{"emulator":{"name":"functions"},"function":{"name":"us-central1-api"},"extension":{},"message":"[runtime-status] [7384] Resolved module firebase-functions {\"declared\":true,\"installed\":true,\"version\":\"6.3.2\",\"resolution\":\"C:\\\\Users\\\\EmatiMot\\\\Desktop\\\\Evangadi\\\\phase4\\\\Amazon-Clone-2025\\\\Front-end\\\\functions\\\\node_modules\\\\firebase-functions\\\\lib\\\\v2\\\\index.js\"}"}}
[debug] [2025-06-03T20:12:24.687Z] [runtime-status] [7384] Outgoing network have been stubbed. [{"name":"http","status":"mocked"},{"name":"http","status":"mocked"},{"name":"https","status":"mocked"},{"name":"https","status":"mocked"},{"name":"net","status":"mocked"}] {"metadata":{"emulator":{"name":"functions"},"function":{"name":"us-central1-api"},"extension":{},"message":"[runtime-status] [7384] Outgoing network have been stubbed. [{\"name\":\"http\",\"status\":\"mocked\"},{\"name\":\"http\",\"status\":\"mocked\"},{\"name\":\"https\",\"status\":\"mocked\"},{\"name\":\"https\",\"status\":\"mocked\"},{\"name\":\"net\",\"status\":\"mocked\"}]"}}
[debug] [2025-06-03T20:12:24.690Z] [runtime-status] [7384] Resolved module firebase-functions {"declared":true,"installed":true,"version":"6.3.2","resolution":"C:\\Users\\EmatiMot\\Desktop\\Evangadi\\phase4\\Amazon-Clone-2025\\Front-end\\functions\\node_modules\\firebase-functions\\lib\\v2\\index.js"} {"metadata":{"emulator":{"name":"functions"},"function":{"name":"us-central1-api"},"extension":{},"message":"[runtime-status] [7384] Resolved module firebase-functions {\"declared\":true,\"installed\":true,\"version\":\"6.3.2\",\"resolution\":\"C:\\\\Users\\\\EmatiMot\\\\Desktop\\\\Evangadi\\\\phase4\\\\Amazon-Clone-2025\\\\Front-end\\\\functions\\\\node_modules\\\\firebase-functions\\\\lib\\\\v2\\\\index.js\"}"}}
[debug] [2025-06-03T20:12:25.982Z] [runtime-status] [7384] Checked functions.config() {"config":{}} {"metadata":{"emulator":{"name":"functions"},"function":{"name":"us-central1-api"},"extension":{},"message":"[runtime-status] [7384] Checked functions.config() {\"config\":{}}"}}
[debug] [2025-06-03T20:12:25.982Z] [runtime-status] [7384] firebase-functions has been stubbed. {"functionsResolution":{"declared":true,"installed":true,"version":"6.3.2","resolution":"C:\\Users\\EmatiMot\\Desktop\\Evangadi\\phase4\\Amazon-Clone-2025\\Front-end\\functions\\node_modules\\firebase-functions\\lib\\v2\\index.js"}} {"metadata":{"emulator":{"name":"functions"},"function":{"name":"us-central1-api"},"extension":{},"message":"[runtime-status] [7384] firebase-functions has been stubbed. {\"functionsResolution\":{\"declared\":true,\"installed\":true,\"version\":\"6.3.2\",\"resolution\":\"C:\\\\Users\\\\EmatiMot\\\\Desktop\\\\Evangadi\\\\phase4\\\\Amazon-Clone-2025\\\\Front-end\\\\functions\\\\node_modules\\\\firebase-functions\\\\lib\\\\v2\\\\index.js\"}}"}}
[debug] [2025-06-03T20:12:25.984Z] [runtime-status] [7384] Resolved module firebase-functions {"declared":true,"installed":true,"version":"6.3.2","resolution":"C:\\Users\\EmatiMot\\Desktop\\Evangadi\\phase4\\Amazon-Clone-2025\\Front-end\\functions\\node_modules\\firebase-functions\\lib\\v2\\index.js"} {"metadata":{"emulator":{"name":"functions"},"function":{"name":"us-central1-api"},"extension":{},"message":"[runtime-status] [7384] Resolved module firebase-functions {\"declared\":true,\"installed\":true,\"version\":\"6.3.2\",\"resolution\":\"C:\\\\Users\\\\EmatiMot\\\\Desktop\\\\Evangadi\\\\phase4\\\\Amazon-Clone-2025\\\\Front-end\\\\functions\\\\node_modules\\\\firebase-functions\\\\lib\\\\v2\\\\index.js\"}"}}
[debug] [2025-06-03T20:12:26.003Z] [runtime-status] [7384] Resolved module firebase-admin {"declared":true,"installed":true,"version":"12.7.0","resolution":"C:\\Users\\EmatiMot\\Desktop\\Evangadi\\phase4\\Amazon-Clone-2025\\Front-end\\functions\\node_modules\\firebase-admin\\lib\\index.js"} {"metadata":{"emulator":{"name":"functions"},"function":{"name":"us-central1-api"},"extension":{},"message":"[runtime-status] [7384] Resolved module firebase-admin {\"declared\":true,\"installed\":true,\"version\":\"12.7.0\",\"resolution\":\"C:\\\\Users\\\\EmatiMot\\\\Desktop\\\\Evangadi\\\\phase4\\\\Amazon-Clone-2025\\\\Front-end\\\\functions\\\\node_modules\\\\firebase-admin\\\\lib\\\\index.js\"}"}}
[debug] [2025-06-03T20:12:26.013Z] [runtime-status] [7384] Resolved module firebase-functions {"declared":true,"installed":true,"version":"6.3.2","resolution":"C:\\Users\\EmatiMot\\Desktop\\Evangadi\\phase4\\Amazon-Clone-2025\\Front-end\\functions\\node_modules\\firebase-functions\\lib\\v2\\index.js"} {"metadata":{"emulator":{"name":"functions"},"function":{"name":"us-central1-api"},"extension":{},"message":"[runtime-status] [7384] Resolved module firebase-functions {\"declared\":true,\"installed\":true,\"version\":\"6.3.2\",\"resolution\":\"C:\\\\Users\\\\EmatiMot\\\\Desktop\\\\Evangadi\\\\phase4\\\\Amazon-Clone-2025\\\\Front-end\\\\functions\\\\node_modules\\\\firebase-functions\\\\lib\\\\v2\\\\index.js\"}"}}
[debug] [2025-06-03T20:12:26.014Z] [runtime-status] [7384] firebase-admin has been stubbed. {"adminResolution":{"declared":true,"installed":true,"version":"12.7.0","resolution":"C:\\Users\\EmatiMot\\Desktop\\Evangadi\\phase4\\Amazon-Clone-2025\\Front-end\\functions\\node_modules\\firebase-admin\\lib\\index.js"}} {"metadata":{"emulator":{"name":"functions"},"function":{"name":"us-central1-api"},"extension":{},"message":"[runtime-status] [7384] firebase-admin has been stubbed. {\"adminResolution\":{\"declared\":true,\"installed\":true,\"version\":\"12.7.0\",\"resolution\":\"C:\\\\Users\\\\EmatiMot\\\\Desktop\\\\Evangadi\\\\phase4\\\\Amazon-Clone-2025\\\\Front-end\\\\functions\\\\node_modules\\\\firebase-admin\\\\lib\\\\index.js\"}}"}}
[debug] [2025-06-03T20:12:26.583Z] [runtime-status] [7384] Functions runtime initialized. {"cwd":"C:\\Users\\EmatiMot\\Desktop\\Evangadi\\phase4\\Amazon-Clone-2025\\Front-end\\functions","node_version":"22.11.0"} {"metadata":{"emulator":{"name":"functions"},"function":{"name":"us-central1-api"},"extension":{},"message":"[runtime-status] [7384] Functions runtime initialized. {\"cwd\":\"C:\\\\Users\\\\EmatiMot\\\\Desktop\\\\Evangadi\\\\phase4\\\\Amazon-Clone-2025\\\\Front-end\\\\functions\",\"node_version\":\"22.11.0\"}"}}
[debug] [2025-06-03T20:12:26.583Z] [runtime-status] [7384] Listening to port: \\?\pipe\fire_emu_a58c76f24ec48198 {"metadata":{"emulator":{"name":"functions"},"function":{"name":"us-central1-api"},"extension":{},"message":"[runtime-status] [7384] Listening to port: \\\\?\\pipe\\fire_emu_a58c76f24ec48198"}}
[debug] [2025-06-03T20:12:26.642Z] [worker-us-central1-api-640fc358-3dbf-4768-af50-6f25311c24fb]: IDLE {"metadata":{"emulator":{"name":"functions"},"function":{"name":"us-central1-api"},"extension":{},"message":"[worker-us-central1-api-640fc358-3dbf-4768-af50-6f25311c24fb]: IDLE"}}
[debug] [2025-06-03T20:12:26.642Z] [worker-pool] submitRequest(triggerId=us-central1-api) {"metadata":{"emulator":{"name":"functions"},"message":"[worker-pool] submitRequest(triggerId=us-central1-api)"}}
[info] i  functions: Beginning execution of "us-central1-api" {"metadata":{"emulator":{"name":"functions"},"function":{"name":"us-central1-api"},"extension":{},"message":"Beginning execution of \"us-central1-api\""}}
[debug] [2025-06-03T20:12:26.643Z] [worker-us-central1-api-640fc358-3dbf-4768-af50-6f25311c24fb]: BUSY {"metadata":{"emulator":{"name":"functions"},"function":{"name":"us-central1-api"},"extension":{},"message":"[worker-us-central1-api-640fc358-3dbf-4768-af50-6f25311c24fb]: BUSY"}}
[info] >  { {"user":"{","metadata":{"emulator":{"name":"functions"},"function":{"name":"us-central1-api"},"extension":{},"message":"\u001b[90m> \u001b[39m {"}}
[info] >    id: 'pi_3RW1CDLqgI98YUcY1iEujmP7', {"user":"  id: 'pi_3RW1CDLqgI98YUcY1iEujmP7',","metadata":{"emulator":{"name":"functions"},"function":{"name":"us-central1-api"},"extension":{},"message":"\u001b[90m> \u001b[39m   id: 'pi_3RW1CDLqgI98YUcY1iEujmP7',"}}
[info] >    object: 'payment_intent', {"user":"  object: 'payment_intent',","metadata":{"emulator":{"name":"functions"},"function":{"name":"us-central1-api"},"extension":{},"message":"\u001b[90m> \u001b[39m   object: 'payment_intent',"}}
[info] >    amount: 400, {"user":"  amount: 400,","metadata":{"emulator":{"name":"functions"},"function":{"name":"us-central1-api"},"extension":{},"message":"\u001b[90m> \u001b[39m   amount: 400,"}}
[info] >    amount_capturable: 0, {"user":"  amount_capturable: 0,","metadata":{"emulator":{"name":"functions"},"function":{"name":"us-central1-api"},"extension":{},"message":"\u001b[90m> \u001b[39m   amount_capturable: 0,"}}
[info] >    amount_details: { tip: {} }, {"user":"  amount_details: { tip: {} },","metadata":{"emulator":{"name":"functions"},"function":{"name":"us-central1-api"},"extension":{},"message":"\u001b[90m> \u001b[39m   amount_details: { tip: {} },"}}
[info] >    amount_received: 0, {"user":"  amount_received: 0,","metadata":{"emulator":{"name":"functions"},"function":{"name":"us-central1-api"},"extension":{},"message":"\u001b[90m> \u001b[39m   amount_received: 0,"}}
[info] >    application: null, {"user":"  application: null,","metadata":{"emulator":{"name":"functions"},"function":{"name":"us-central1-api"},"extension":{},"message":"\u001b[90m> \u001b[39m   application: null,"}}
[info] >    application_fee_amount: null, {"user":"  application_fee_amount: null,","metadata":{"emulator":{"name":"functions"},"function":{"name":"us-central1-api"},"extension":{},"message":"\u001b[90m> \u001b[39m   application_fee_amount: null,"}}
[info] >    automatic_payment_methods: { allow_redirects: 'always', enabled: true }, {"user":"  automatic_payment_methods: { allow_redirects: 'always', enabled: true },","metadata":{"emulator":{"name":"functions"},"function":{"name":"us-central1-api"},"extension":{},"message":"\u001b[90m> \u001b[39m   automatic_payment_methods: { allow_redirects: 'always', enabled: true },"}}
[info] >    canceled_at: null, {"user":"  canceled_at: null,","metadata":{"emulator":{"name":"functions"},"function":{"name":"us-central1-api"},"extension":{},"message":"\u001b[90m> \u001b[39m   canceled_at: null,"}}
[info] >    cancellation_reason: null, {"user":"  cancellation_reason: null,","metadata":{"emulator":{"name":"functions"},"function":{"name":"us-central1-api"},"extension":{},"message":"\u001b[90m> \u001b[39m   cancellation_reason: null,"}}
[info] >    capture_method: 'automatic_async', {"user":"  capture_method: 'automatic_async',","metadata":{"emulator":{"name":"functions"},"function":{"name":"us-central1-api"},"extension":{},"message":"\u001b[90m> \u001b[39m   capture_method: 'automatic_async',"}}
[info] >    client_secret: 'pi_3RW1CDLqgI98YUcY1iEujmP7_secret_LWaJv69f8MbRCHcGVxXykqZr4', {"user":"  client_secret: 'pi_3RW1CDLqgI98YUcY1iEujmP7_secret_LWaJv69f8MbRCHcGVxXykqZr4',","metadata":{"emulator":{"name":"functions"},"function":{"name":"us-central1-api"},"extension":{},"message":"\u001b[90m> \u001b[39m   client_secret: 'pi_3RW1CDLqgI98YUcY1iEujmP7_secret_LWaJv69f8MbRCHcGVxXykqZr4',"}}
[info] >    confirmation_method: 'automatic', {"user":"  confirmation_method: 'automatic',","metadata":{"emulator":{"name":"functions"},"function":{"name":"us-central1-api"},"extension":{},"message":"\u001b[90m> \u001b[39m   confirmation_method: 'automatic',"}}
[info] >    created: 1748981549, {"user":"  created: 1748981549,","metadata":{"emulator":{"name":"functions"},"function":{"name":"us-central1-api"},"extension":{},"message":"\u001b[90m> \u001b[39m   created: 1748981549,"}}
[info] >    currency: 'usd', {"user":"  currency: 'usd',","metadata":{"emulator":{"name":"functions"},"function":{"name":"us-central1-api"},"extension":{},"message":"\u001b[90m> \u001b[39m   currency: 'usd',"}}
[info] >    customer: null, {"user":"  customer: null,","metadata":{"emulator":{"name":"functions"},"function":{"name":"us-central1-api"},"extension":{},"message":"\u001b[90m> \u001b[39m   customer: null,"}}
[info] >    description: null, {"user":"  description: null,","metadata":{"emulator":{"name":"functions"},"function":{"name":"us-central1-api"},"extension":{},"message":"\u001b[90m> \u001b[39m   description: null,"}}
[info] >    last_payment_error: null, {"user":"  last_payment_error: null,","metadata":{"emulator":{"name":"functions"},"function":{"name":"us-central1-api"},"extension":{},"message":"\u001b[90m> \u001b[39m   last_payment_error: null,"}}
[info] >    latest_charge: null, {"user":"  latest_charge: null,","metadata":{"emulator":{"name":"functions"},"function":{"name":"us-central1-api"},"extension":{},"message":"\u001b[90m> \u001b[39m   latest_charge: null,"}}
[info] >    livemode: false, {"user":"  livemode: false,","metadata":{"emulator":{"name":"functions"},"function":{"name":"us-central1-api"},"extension":{},"message":"\u001b[90m> \u001b[39m   livemode: false,"}}
[info] >    metadata: {}, {"user":"  metadata: {},","metadata":{"emulator":{"name":"functions"},"function":{"name":"us-central1-api"},"extension":{},"message":"\u001b[90m> \u001b[39m   metadata: {},"}}
[info] >    next_action: null, {"user":"  next_action: null,","metadata":{"emulator":{"name":"functions"},"function":{"name":"us-central1-api"},"extension":{},"message":"\u001b[90m> \u001b[39m   next_action: null,"}}
[info] >    on_behalf_of: null, {"user":"  on_behalf_of: null,","metadata":{"emulator":{"name":"functions"},"function":{"name":"us-central1-api"},"extension":{},"message":"\u001b[90m> \u001b[39m   on_behalf_of: null,"}}
[info] >    payment_method: null, {"user":"  payment_method: null,","metadata":{"emulator":{"name":"functions"},"function":{"name":"us-central1-api"},"extension":{},"message":"\u001b[90m> \u001b[39m   payment_method: null,"}}
[info] >    payment_method_configuration_details: { id: 'pmc_1RUz3HLqgI98YUcY2rmkDpN2', parent: null }, {"user":"  payment_method_configuration_details: { id: 'pmc_1RUz3HLqgI98YUcY2rmkDpN2', parent: null },","metadata":{"emulator":{"name":"functions"},"function":{"name":"us-central1-api"},"extension":{},"message":"\u001b[90m> \u001b[39m   payment_method_configuration_details: { id: 'pmc_1RUz3HLqgI98YUcY2rmkDpN2', parent: null },"}}
[info] >    payment_method_options: { {"user":"  payment_method_options: {","metadata":{"emulator":{"name":"functions"},"function":{"name":"us-central1-api"},"extension":{},"message":"\u001b[90m> \u001b[39m   payment_method_options: {"}}
[info] >      amazon_pay: { express_checkout_element_session_id: null }, {"user":"    amazon_pay: { express_checkout_element_session_id: null },","metadata":{"emulator":{"name":"functions"},"function":{"name":"us-central1-api"},"extension":{},"message":"\u001b[90m> \u001b[39m     amazon_pay: { express_checkout_element_session_id: null },"}}
[info] >      card: { {"user":"    card: {","metadata":{"emulator":{"name":"functions"},"function":{"name":"us-central1-api"},"extension":{},"message":"\u001b[90m> \u001b[39m     card: {"}}
[info] >        installments: null, {"user":"      installments: null,","metadata":{"emulator":{"name":"functions"},"function":{"name":"us-central1-api"},"extension":{},"message":"\u001b[90m> \u001b[39m       installments: null,"}}
[info] >        mandate_options: null, {"user":"      mandate_options: null,","metadata":{"emulator":{"name":"functions"},"function":{"name":"us-central1-api"},"extension":{},"message":"\u001b[90m> \u001b[39m       mandate_options: null,"}}
[info] >        network: null, {"user":"      network: null,","metadata":{"emulator":{"name":"functions"},"function":{"name":"us-central1-api"},"extension":{},"message":"\u001b[90m> \u001b[39m       network: null,"}}
[info] >        request_three_d_secure: 'automatic' {"user":"      request_three_d_secure: 'automatic'","metadata":{"emulator":{"name":"functions"},"function":{"name":"us-central1-api"},"extension":{},"message":"\u001b[90m> \u001b[39m       request_three_d_secure: 'automatic'"}}
[info] >      }, {"user":"    },","metadata":{"emulator":{"name":"functions"},"function":{"name":"us-central1-api"},"extension":{},"message":"\u001b[90m> \u001b[39m     },"}}
[info] >      cashapp: {}, {"user":"    cashapp: {},","metadata":{"emulator":{"name":"functions"},"function":{"name":"us-central1-api"},"extension":{},"message":"\u001b[90m> \u001b[39m     cashapp: {},"}}
[info] >      klarna: { preferred_locale: null }, {"user":"    klarna: { preferred_locale: null },","metadata":{"emulator":{"name":"functions"},"function":{"name":"us-central1-api"},"extension":{},"message":"\u001b[90m> \u001b[39m     klarna: { preferred_locale: null },"}}
[info] >      link: { persistent_token: null } {"user":"    link: { persistent_token: null }","metadata":{"emulator":{"name":"functions"},"function":{"name":"us-central1-api"},"extension":{},"message":"\u001b[90m> \u001b[39m     link: { persistent_token: null }"}}
[info] >    }, {"user":"  },","metadata":{"emulator":{"name":"functions"},"function":{"name":"us-central1-api"},"extension":{},"message":"\u001b[90m> \u001b[39m   },"}}
[info] >    payment_method_types: [ 'card', 'klarna', 'link', 'cashapp', 'amazon_pay' ], {"user":"  payment_method_types: [ 'card', 'klarna', 'link', 'cashapp', 'amazon_pay' ],","metadata":{"emulator":{"name":"functions"},"function":{"name":"us-central1-api"},"extension":{},"message":"\u001b[90m> \u001b[39m   payment_method_types: [ 'card', 'klarna', 'link', 'cashapp', 'amazon_pay' ],"}}
[info] >    processing: null, {"user":"  processing: null,","metadata":{"emulator":{"name":"functions"},"function":{"name":"us-central1-api"},"extension":{},"message":"\u001b[90m> \u001b[39m   processing: null,"}}
[info] >    receipt_email: null, {"user":"  receipt_email: null,","metadata":{"emulator":{"name":"functions"},"function":{"name":"us-central1-api"},"extension":{},"message":"\u001b[90m> \u001b[39m   receipt_email: null,"}}
[info] >    review: null, {"user":"  review: null,","metadata":{"emulator":{"name":"functions"},"function":{"name":"us-central1-api"},"extension":{},"message":"\u001b[90m> \u001b[39m   review: null,"}}
[info] >    setup_future_usage: null, {"user":"  setup_future_usage: null,","metadata":{"emulator":{"name":"functions"},"function":{"name":"us-central1-api"},"extension":{},"message":"\u001b[90m> \u001b[39m   setup_future_usage: null,"}}
[info] >    shipping: null, {"user":"  shipping: null,","metadata":{"emulator":{"name":"functions"},"function":{"name":"us-central1-api"},"extension":{},"message":"\u001b[90m> \u001b[39m   shipping: null,"}}
[info] >    source: null, {"user":"  source: null,","metadata":{"emulator":{"name":"functions"},"function":{"name":"us-central1-api"},"extension":{},"message":"\u001b[90m> \u001b[39m   source: null,"}}
[info] >    statement_descriptor: null, {"user":"  statement_descriptor: null,","metadata":{"emulator":{"name":"functions"},"function":{"name":"us-central1-api"},"extension":{},"message":"\u001b[90m> \u001b[39m   statement_descriptor: null,"}}
[info] >    statement_descriptor_suffix: null, {"user":"  statement_descriptor_suffix: null,","metadata":{"emulator":{"name":"functions"},"function":{"name":"us-central1-api"},"extension":{},"message":"\u001b[90m> \u001b[39m   statement_descriptor_suffix: null,"}}
[info] >    status: 'requires_payment_method', {"user":"  status: 'requires_payment_method',","metadata":{"emulator":{"name":"functions"},"function":{"name":"us-central1-api"},"extension":{},"message":"\u001b[90m> \u001b[39m   status: 'requires_payment_method',"}}
[info] >    transfer_data: null, {"user":"  transfer_data: null,","metadata":{"emulator":{"name":"functions"},"function":{"name":"us-central1-api"},"extension":{},"message":"\u001b[90m> \u001b[39m   transfer_data: null,"}}
[info] >    transfer_group: null {"user":"  transfer_group: null","metadata":{"emulator":{"name":"functions"},"function":{"name":"us-central1-api"},"extension":{},"message":"\u001b[90m> \u001b[39m   transfer_group: null"}}
[info] >  } {"user":"}","metadata":{"emulator":{"name":"functions"},"function":{"name":"us-central1-api"},"extension":{},"message":"\u001b[90m> \u001b[39m }"}}
[debug] [2025-06-03T20:12:27.935Z] Finishing up request with event=pause {"metadata":{"emulator":{"name":"functions"},"function":{"name":"us-central1-api"},"extension":{},"message":"Finishing up request with event=pause"}}
[info] i  functions: Finished "us-central1-api" in 1292.3427ms {"metadata":{"emulator":{"name":"functions"},"function":{"name":"us-central1-api"},"extension":{},"message":"Finished \"us-central1-api\" in 1292.3427ms"}}
[debug] [2025-06-03T20:12:27.940Z] [worker-us-central1-api-640fc358-3dbf-4768-af50-6f25311c24fb]: IDLE {"metadata":{"emulator":{"name":"functions"},"function":{"name":"us-central1-api"},"extension":{},"message":"[worker-us-central1-api-640fc358-3dbf-4768-af50-6f25311c24fb]: IDLE"}}
[debug] [2025-06-03T20:12:27.940Z] Finishing up request with event=finish {"metadata":{"emulator":{"name":"functions"},"function":{"name":"us-central1-api"},"extension":{},"message":"Finishing up request with event=finish"}}
[debug] [2025-06-03T20:12:27.941Z] Finishing up request with event=close {"metadata":{"emulator":{"name":"functions"},"function":{"name":"us-central1-api"},"extension":{},"message":"Finishing up request with event=close"}}
[debug] [2025-06-03T20:12:27.941Z] [work-queue] {"queuedWork":[],"queueLength":0,"runningWork":[],"workRunningCount":0}
[debug] [2025-06-03T20:15:17.555Z] [work-queue] {"queuedWork":["/clone-c9d9f/us-central1/api/payment/create-2025-06-03T20:15:17.554Z"],"queueLength":1,"runningWork":[],"workRunningCount":0}
[debug] [2025-06-03T20:15:17.556Z] [work-queue] {"queuedWork":[],"queueLength":0,"runningWork":["/clone-c9d9f/us-central1/api/payment/create-2025-06-03T20:15:17.554Z"],"workRunningCount":1}
[debug] [2025-06-03T20:15:17.557Z] Accepted request POST /clone-c9d9f/us-central1/api/payment/create?total=78.29 --> us-central1-api
[debug] [2025-06-03T20:15:17.565Z] [functions] Runtime ready! Sending request! {"metadata":{"emulator":{"name":"functions"},"message":"[functions] Runtime ready! Sending request!"}}
[debug] [2025-06-03T20:15:17.566Z] [functions] Got req.url=/clone-c9d9f/us-central1/api/payment/create?total=78.29, mapping to path=/payment/create?total=78.29 {"metadata":{"emulator":{"name":"functions"},"message":"[functions] Got req.url=/clone-c9d9f/us-central1/api/payment/create?total=78.29, mapping to path=/payment/create?total=78.29"}}
[debug] [2025-06-03T20:15:17.567Z] [worker-pool] submitRequest(triggerId=us-central1-api) {"metadata":{"emulator":{"name":"functions"},"message":"[worker-pool] submitRequest(triggerId=us-central1-api)"}}
[info] i  functions: Beginning execution of "us-central1-api" {"metadata":{"emulator":{"name":"functions"},"function":{"name":"us-central1-api"},"extension":{},"message":"Beginning execution of \"us-central1-api\""}}
[debug] [2025-06-03T20:15:17.569Z] [worker-us-central1-api-640fc358-3dbf-4768-af50-6f25311c24fb]: BUSY {"metadata":{"emulator":{"name":"functions"},"function":{"name":"us-central1-api"},"extension":{},"message":"[worker-us-central1-api-640fc358-3dbf-4768-af50-6f25311c24fb]: BUSY"}}
[debug] [2025-06-03T20:15:18.657Z] Finishing up request with event=pause {"metadata":{"emulator":{"name":"functions"},"function":{"name":"us-central1-api"},"extension":{},"message":"Finishing up request with event=pause"}}
[info] i  functions: Finished "us-central1-api" in 1088.0851ms {"metadata":{"emulator":{"name":"functions"},"function":{"name":"us-central1-api"},"extension":{},"message":"Finished \"us-central1-api\" in 1088.0851ms"}}
[debug] [2025-06-03T20:15:18.658Z] [worker-us-central1-api-640fc358-3dbf-4768-af50-6f25311c24fb]: IDLE {"metadata":{"emulator":{"name":"functions"},"function":{"name":"us-central1-api"},"extension":{},"message":"[worker-us-central1-api-640fc358-3dbf-4768-af50-6f25311c24fb]: IDLE"}}
[debug] [2025-06-03T20:15:18.658Z] Finishing up request with event=finish {"metadata":{"emulator":{"name":"functions"},"function":{"name":"us-central1-api"},"extension":{},"message":"Finishing up request with event=finish"}}
[debug] [2025-06-03T20:15:18.659Z] Finishing up request with event=close {"metadata":{"emulator":{"name":"functions"},"function":{"name":"us-central1-api"},"extension":{},"message":"Finishing up request with event=close"}}
[debug] [2025-06-03T20:15:18.659Z] [work-queue] {"queuedWork":[],"queueLength":0,"runningWork":[],"workRunningCount":0}
[info] >  Error: Invalid integer: 78.29 {"user":"Error: Invalid integer: 78.29","metadata":{"emulator":{"name":"functions"},"function":{"name":"us-central1-api"},"extension":{},"message":"\u001b[90m> \u001b[39m Error: Invalid integer: 78.29"}}
[info] >      at generateV1Error (C:\Users\EmatiMot\Desktop\Evangadi\phase4\Amazon-Clone-2025\Front-end\functions\node_modules\stripe\cjs\Error.js:11:20) {"user":"    at generateV1Error (C:\\Users\\EmatiMot\\Desktop\\Evangadi\\phase4\\Amazon-Clone-2025\\Front-end\\functions\\node_modules\\stripe\\cjs\\Error.js:11:20)","metadata":{"emulator":{"name":"functions"},"function":{"name":"us-central1-api"},"extension":{},"message":"\u001b[90m> \u001b[39m     at generateV1Error (C:\\Users\\EmatiMot\\Desktop\\Evangadi\\phase4\\Amazon-Clone-2025\\Front-end\\functions\\node_modules\\stripe\\cjs\\Error.js:11:20)"}}
[info] >      at res.toJSON.then.Error_js_1.StripeAPIError.message (C:\Users\EmatiMot\Desktop\Evangadi\phase4\Amazon-Clone-2025\Front-end\functions\node_modules\stripe\cjs\RequestSender.js:108:62) {"user":"    at res.toJSON.then.Error_js_1.StripeAPIError.message (C:\\Users\\EmatiMot\\Desktop\\Evangadi\\phase4\\Amazon-Clone-2025\\Front-end\\functions\\node_modules\\stripe\\cjs\\RequestSender.js:108:62)","metadata":{"emulator":{"name":"functions"},"function":{"name":"us-central1-api"},"extension":{},"message":"\u001b[90m> \u001b[39m     at res.toJSON.then.Error_js_1.StripeAPIError.message (C:\\Users\\EmatiMot\\Desktop\\Evangadi\\phase4\\Amazon-Clone-2025\\Front-end\\functions\\node_modules\\stripe\\cjs\\RequestSender.js:108:62)"}}
[info] >      at process.processTicksAndRejections (node:internal/process/task_queues:105:5) {"user":"    at process.processTicksAndRejections (node:internal/process/task_queues:105:5)","metadata":{"emulator":{"name":"functions"},"function":{"name":"us-central1-api"},"extension":{},"message":"\u001b[90m> \u001b[39m     at process.processTicksAndRejections (node:internal/process/task_queues:105:5)"}}
[debug] [2025-06-03T20:18:05.625Z] [worker-us-central1-api-640fc358-3dbf-4768-af50-6f25311c24fb]: exited {"metadata":{"emulator":{"name":"functions"},"function":{"name":"us-central1-api"},"extension":{},"message":"[worker-us-central1-api-640fc358-3dbf-4768-af50-6f25311c24fb]: exited"}}
[debug] [2025-06-03T20:18:05.626Z] [worker-us-central1-api-640fc358-3dbf-4768-af50-6f25311c24fb]: FINISHED {"metadata":{"emulator":{"name":"functions"},"function":{"name":"us-central1-api"},"extension":{},"message":"[worker-us-central1-api-640fc358-3dbf-4768-af50-6f25311c24fb]: FINISHED"}}
[debug] [2025-06-03T20:18:05.626Z] Received signal SIGHUP 1
[info]  
[info] i  emulators: Received SIGHUP for the first time. Starting a clean shutdown. 
[info] i  emulators: Please wait for a clean shutdown or send the SIGHUP signal again to stop right now. 
[info] i  emulators: Shutting down emulators. {"metadata":{"emulator":{"name":"hub"},"message":"Shutting down emulators."}}
[info] i  ui: Stopping Emulator UI {"metadata":{"emulator":{"name":"ui"},"message":"Stopping Emulator UI"}}
[info] i  extensions: Stopping Extensions Emulator {"metadata":{"emulator":{"name":"extensions"},"message":"Stopping Extensions Emulator"}}
[debug] [2025-06-03T20:18:05.632Z] [Extensions] Stopping Extensions emulator, this is a noop.
[info] i  functions: Stopping Functions Emulator {"metadata":{"emulator":{"name":"functions"},"message":"Stopping Functions Emulator"}}
[info] i  eventarc: Stopping Eventarc Emulator {"metadata":{"emulator":{"name":"eventarc"},"message":"Stopping Eventarc Emulator"}}
[info] i  tasks: Stopping Cloud Tasks Emulator {"metadata":{"emulator":{"name":"tasks"},"message":"Stopping Cloud Tasks Emulator"}}
[info] i  hub: Stopping emulator hub {"metadata":{"emulator":{"name":"hub"},"message":"Stopping emulator hub"}}
[info] i  logging: Stopping Logging Emulator {"metadata":{"emulator":{"name":"logging"},"message":"Stopping Logging Emulator"}}
[debug] [2025-06-03T20:18:05.645Z] Could not find VSCode notification endpoint: FetchError: request to http://localhost:40001/vscode/notify failed, reason: . If you are not running the Firebase Data Connect VSCode extension, this is expected and not an issue.
